============================= test session starts =============================
platform win32 -- Python 3.14.3, pytest-9.0.2, pluggy-1.6.0
rootdir: C:\Users\Administrador\OneDrive\Documentos\Documents\previdenciario\backend
configfile: pytest.ini
plugins: anyio-4.13.0, asyncio-1.3.0
asyncio: mode=Mode.AUTO, debug=False, asyncio_default_fixture_loop_scope=None, asyncio_default_test_loop_scope=function
collected 22 items

tests\test_novos_modulos.py ......................                       [100%]

============================= 22 passed in 31.69s =============================
